<?xml version="1.0" encoding="UTF-8"?>
<testng-results skipped="0" failed="0" total="1" passed="1">
  <reporter-output>
  </reporter-output>
  <suite name="Default suite" duration-ms="16730" started-at="2019-03-25T06:13:19Z" finished-at="2019-03-25T06:13:36Z">
    <groups>
    </groups>
    <test name="Default test" duration-ms="16730" started-at="2019-03-25T06:13:19Z" finished-at="2019-03-25T06:13:36Z">
      <class name="Dl.dl">
        <test-method status="PASS" signature="one()[pri:0, instance:Dl.dl@63d4e2ba]" name="one" is-config="true" duration-ms="6182" started-at="2019-03-25T14:13:19Z" finished-at="2019-03-25T14:13:25Z">
          <reporter-output>
          </reporter-output>
        </test-method> <!-- one -->
        <test-method status="PASS" signature="kaos()[pri:0, instance:Dl.dl@63d4e2ba]" name="kaos" duration-ms="8444" started-at="2019-03-25T14:13:25Z" finished-at="2019-03-25T14:13:33Z">
          <reporter-output>
          </reporter-output>
        </test-method> <!-- kaos -->
        <test-method status="PASS" signature="close()[pri:0, instance:Dl.dl@63d4e2ba]" name="close" is-config="true" duration-ms="2094" started-at="2019-03-25T14:13:33Z" finished-at="2019-03-25T14:13:36Z">
          <reporter-output>
          </reporter-output>
        </test-method> <!-- close -->
      </class> <!-- Dl.dl -->
    </test> <!-- Default test -->
  </suite> <!-- Default suite -->
</testng-results>
